<?xml version="1.0" encoding="UTF-8"?>
<!-- Generated by org.testng.reporters.JUnitReportReporter -->
<testsuite skipped="2" hostname="HDC4-D-38P0RG2" name="Selenium.Demo.NewTest" tests="4" failures="0" timestamp="29 Oct 2019 12:02:44 GMT" time="0.016" errors="0">
  <testcase name="closure" time="0.003" classname="Selenium.Demo.NewTest"/>
  <testcase name="Addcart" time="0.013" classname="Selenium.Demo.NewTest"/>
  <testcase name="login" classname="Selenium.Demo.NewTest">
    <skipped/>
  </testcase> <!-- login -->
  <testcase name="f" classname="Selenium.Demo.NewTest">
    <skipped/>
  </testcase> <!-- f -->
</testsuite> <!-- Selenium.Demo.NewTest -->
